Created by PLY version 3.11 (http://www.dabeaz.com/ply)

Grammar

Rule 0     S' -> S
Rule 1     S -> SELECT_ FROM_ JOIN_ WHERE_ GROUP_BY ORDER_BY
Rule 2     SELECT_ -> SELECT CAMPOS
Rule 3     SELECT_ -> SELECT DISTINCT CAMPOS
Rule 4     CAMPOS -> CAMPO COMA CAMPOS
Rule 5     CAMPOS -> CAMPO
Rule 6     CAMPO -> CADENA PUNTO CADENA AS COMILLA CADENA COMILLA
Rule 7     CAMPO -> CADENA PUNTO CADENA
Rule 8     CAMPO -> FUNC_RESUMEN AS COMILLA CADENA COMILLA
Rule 9     FUNC_RESUMEN -> MIN PAR_IZQ CADENA PUNTO CADENA PAR_DER
Rule 10    FUNC_RESUMEN -> MAX PAR_IZQ CADENA PUNTO CADENA PAR_DER
Rule 11    FUNC_RESUMEN -> COUNT PAR_IZQ CADENA PUNTO CADENA PAR_DER
Rule 12    FUNC_RESUMEN -> COUNT PAR_IZQ DISTINCT CADENA PUNTO CADENA PAR_DER
Rule 13    FROM_ -> FROM CADENA CADENA
Rule 14    FROM_ -> FROM CADENA AS CADENA
Rule 15    FROM_ -> FROM CADENA
Rule 16    JOIN_ -> JOIN_INNER_LEFT JOIN_
Rule 17    JOIN_ -> <empty>
Rule 18    JOIN_INNER_LEFT -> INNER JOIN CADENA CADENA ON COND_W
Rule 19    JOIN_INNER_LEFT -> INNER JOIN CADENA AS CADENA ON COND_W
Rule 20    JOIN_INNER_LEFT -> LEFT JOIN CADENA CADENA ON COND_W
Rule 21    JOIN_INNER_LEFT -> LEFT JOIN CADENA AS CADENA ON COND_W
Rule 22    JOIN_INNER_LEFT -> INNER JOIN CADENA ON COND_W
Rule 23    JOIN_INNER_LEFT -> LEFT JOIN CADENA ON COND_W
Rule 24    WHERE_ -> WHERE COND_W
Rule 25    WHERE_ -> <empty>
Rule 26    COND_W -> CONDICION
Rule 27    COND_W -> CADENA PUNTO CADENA SUBCONSULTA
Rule 28    COND_W -> COND_W AND COND_W
Rule 29    COND_W -> COND_W OR COND_W
Rule 30    COND_W -> PAR_IZQ COND_W OR COND_W PAR_DER
Rule 31    SUBCONSULTA -> IN PAR_IZQ S PAR_DER
Rule 32    SUBCONSULTA -> NOT IN PAR_IZQ S PAR_DER
Rule 33    VALOR -> NUMERO
Rule 34    VALOR -> COMILLA CADENA COMILLA
Rule 35    CONDICION -> CADENA PUNTO CADENA SIGNO VALOR
Rule 36    CONDICION -> CADENA PUNTO CADENA SIGNO CADENA PUNTO CADENA
Rule 37    CONDICION -> CADENA PUNTO CADENA NULLEABLE
Rule 38    NULLEABLE -> IS NOT NULL
Rule 39    NULLEABLE -> IS NULL
Rule 40    SIGNO -> IGUAL
Rule 41    SIGNO -> MAYOR
Rule 42    SIGNO -> MENOR
Rule 43    SIGNO -> MAYOR_IGUAL
Rule 44    SIGNO -> MENOR_IGUAL
Rule 45    SIGNO -> DESIGUAL
Rule 46    GROUP_BY -> GROUP BY CAMPOS_G HAVING_
Rule 47    GROUP_BY -> <empty>
Rule 48    CAMPOS_G -> CADENA PUNTO CADENA COMA CAMPOS_G
Rule 49    CAMPOS_G -> CADENA PUNTO CADENA
Rule 50    HAVING_ -> HAVING FUNC_RESUMEN SIGNO VALOR
Rule 51    HAVING_ -> <empty>
Rule 52    ORDER_BY -> ORDER BY CAMPOS_O
Rule 53    ORDER_BY -> <empty>
Rule 54    CAMPOS_O -> CADENA PUNTO CADENA ORDEN COMA CAMPOS_O
Rule 55    CAMPOS_O -> CADENA PUNTO CADENA ORDEN
Rule 56    ORDEN -> ASC
Rule 57    ORDEN -> DESC
Rule 58    ORDEN -> <empty>

Terminals, with rules where they appear

AND                  : 28
AS                   : 6 8 14 19 21
ASC                  : 56
BY                   : 46 52
CADENA               : 6 6 6 7 7 8 9 9 10 10 11 11 12 12 13 13 14 14 15 18 18 19 19 20 20 21 21 22 23 27 27 34 35 35 36 36 36 36 37 37 48 48 49 49 54 54 55 55
COMA                 : 4 48 54
COMILLA              : 6 6 8 8 34 34
COUNT                : 11 12
DESC                 : 57
DESIGUAL             : 45
DISTINCT             : 3 12
FROM                 : 13 14 15
GROUP                : 46
HAVING               : 50
IGUAL                : 40
IN                   : 31 32
INNER                : 18 19 22
IS                   : 38 39
JOIN                 : 18 19 20 21 22 23
LEFT                 : 20 21 23
MAX                  : 10
MAYOR                : 41
MAYOR_IGUAL          : 43
MENOR                : 42
MENOR_IGUAL          : 44
MIN                  : 9
NOT                  : 32 38
NULL                 : 38 39
NUMERO               : 33
ON                   : 18 19 20 21 22 23
OR                   : 29 30
ORDER                : 52
PAR_DER              : 9 10 11 12 30 31 32
PAR_IZQ              : 9 10 11 12 30 31 32
PUNTO                : 6 7 9 10 11 12 27 35 36 36 37 48 49 54 55
SELECT               : 2 3
WHERE                : 24
error                : 

Nonterminals, with rules where they appear

CAMPO                : 4 5
CAMPOS               : 2 3 4
CAMPOS_G             : 46 48
CAMPOS_O             : 52 54
CONDICION            : 26
COND_W               : 18 19 20 21 22 23 24 28 28 29 29 30 30
FROM_                : 1
FUNC_RESUMEN         : 8 50
GROUP_BY             : 1
HAVING_              : 46
JOIN_                : 1 16
JOIN_INNER_LEFT      : 16
NULLEABLE            : 37
ORDEN                : 54 55
ORDER_BY             : 1
S                    : 31 32 0
SELECT_              : 1
SIGNO                : 35 36 50
SUBCONSULTA          : 27
VALOR                : 35 50
WHERE_               : 1

Parsing method: LALR

state 0

    (0) S' -> . S
    (1) S -> . SELECT_ FROM_ JOIN_ WHERE_ GROUP_BY ORDER_BY
    (2) SELECT_ -> . SELECT CAMPOS
    (3) SELECT_ -> . SELECT DISTINCT CAMPOS

    SELECT          shift and go to state 3

    S                              shift and go to state 1
    SELECT_                        shift and go to state 2

state 1

    (0) S' -> S .



state 2

    (1) S -> SELECT_ . FROM_ JOIN_ WHERE_ GROUP_BY ORDER_BY
    (13) FROM_ -> . FROM CADENA CADENA
    (14) FROM_ -> . FROM CADENA AS CADENA
    (15) FROM_ -> . FROM CADENA

    FROM            shift and go to state 5

    FROM_                          shift and go to state 4

state 3

    (2) SELECT_ -> SELECT . CAMPOS
    (3) SELECT_ -> SELECT . DISTINCT CAMPOS
    (4) CAMPOS -> . CAMPO COMA CAMPOS
    (5) CAMPOS -> . CAMPO
    (6) CAMPO -> . CADENA PUNTO CADENA AS COMILLA CADENA COMILLA
    (7) CAMPO -> . CADENA PUNTO CADENA
    (8) CAMPO -> . FUNC_RESUMEN AS COMILLA CADENA COMILLA
    (9) FUNC_RESUMEN -> . MIN PAR_IZQ CADENA PUNTO CADENA PAR_DER
    (10) FUNC_RESUMEN -> . MAX PAR_IZQ CADENA PUNTO CADENA PAR_DER
    (11) FUNC_RESUMEN -> . COUNT PAR_IZQ CADENA PUNTO CADENA PAR_DER
    (12) FUNC_RESUMEN -> . COUNT PAR_IZQ DISTINCT CADENA PUNTO CADENA PAR_DER

    DISTINCT        shift and go to state 7
    CADENA          shift and go to state 9
    MIN             shift and go to state 11
    MAX             shift and go to state 12
    COUNT           shift and go to state 13

    CAMPOS                         shift and go to state 6
    CAMPO                          shift and go to state 8
    FUNC_RESUMEN                   shift and go to state 10

state 4

    (1) S -> SELECT_ FROM_ . JOIN_ WHERE_ GROUP_BY ORDER_BY
    (16) JOIN_ -> . JOIN_INNER_LEFT JOIN_
    (17) JOIN_ -> .
    (18) JOIN_INNER_LEFT -> . INNER JOIN CADENA CADENA ON COND_W
    (19) JOIN_INNER_LEFT -> . INNER JOIN CADENA AS CADENA ON COND_W
    (20) JOIN_INNER_LEFT -> . LEFT JOIN CADENA CADENA ON COND_W
    (21) JOIN_INNER_LEFT -> . LEFT JOIN CADENA AS CADENA ON COND_W
    (22) JOIN_INNER_LEFT -> . INNER JOIN CADENA ON COND_W
    (23) JOIN_INNER_LEFT -> . LEFT JOIN CADENA ON COND_W

    WHERE           reduce using rule 17 (JOIN_ -> .)
    GROUP           reduce using rule 17 (JOIN_ -> .)
    ORDER           reduce using rule 17 (JOIN_ -> .)
    $end            reduce using rule 17 (JOIN_ -> .)
    PAR_DER         reduce using rule 17 (JOIN_ -> .)
    INNER           shift and go to state 16
    LEFT            shift and go to state 17

    JOIN_                          shift and go to state 14
    JOIN_INNER_LEFT                shift and go to state 15

state 5

    (13) FROM_ -> FROM . CADENA CADENA
    (14) FROM_ -> FROM . CADENA AS CADENA
    (15) FROM_ -> FROM . CADENA

    CADENA          shift and go to state 18


state 6

    (2) SELECT_ -> SELECT CAMPOS .

    FROM            reduce using rule 2 (SELECT_ -> SELECT CAMPOS .)


state 7

    (3) SELECT_ -> SELECT DISTINCT . CAMPOS
    (4) CAMPOS -> . CAMPO COMA CAMPOS
    (5) CAMPOS -> . CAMPO
    (6) CAMPO -> . CADENA PUNTO CADENA AS COMILLA CADENA COMILLA
    (7) CAMPO -> . CADENA PUNTO CADENA
    (8) CAMPO -> . FUNC_RESUMEN AS COMILLA CADENA COMILLA
    (9) FUNC_RESUMEN -> . MIN PAR_IZQ CADENA PUNTO CADENA PAR_DER
    (10) FUNC_RESUMEN -> . MAX PAR_IZQ CADENA PUNTO CADENA PAR_DER
    (11) FUNC_RESUMEN -> . COUNT PAR_IZQ CADENA PUNTO CADENA PAR_DER
    (12) FUNC_RESUMEN -> . COUNT PAR_IZQ DISTINCT CADENA PUNTO CADENA PAR_DER

    CADENA          shift and go to state 9
    MIN             shift and go to state 11
    MAX             shift and go to state 12
    COUNT           shift and go to state 13

    CAMPOS                         shift and go to state 19
    CAMPO                          shift and go to state 8
    FUNC_RESUMEN                   shift and go to state 10

state 8

    (4) CAMPOS -> CAMPO . COMA CAMPOS
    (5) CAMPOS -> CAMPO .

    COMA            shift and go to state 20
    FROM            reduce using rule 5 (CAMPOS -> CAMPO .)


state 9

    (6) CAMPO -> CADENA . PUNTO CADENA AS COMILLA CADENA COMILLA
    (7) CAMPO -> CADENA . PUNTO CADENA

    PUNTO           shift and go to state 21


state 10

    (8) CAMPO -> FUNC_RESUMEN . AS COMILLA CADENA COMILLA

    AS              shift and go to state 22


state 11

    (9) FUNC_RESUMEN -> MIN . PAR_IZQ CADENA PUNTO CADENA PAR_DER

    PAR_IZQ         shift and go to state 23


state 12

    (10) FUNC_RESUMEN -> MAX . PAR_IZQ CADENA PUNTO CADENA PAR_DER

    PAR_IZQ         shift and go to state 24


state 13

    (11) FUNC_RESUMEN -> COUNT . PAR_IZQ CADENA PUNTO CADENA PAR_DER
    (12) FUNC_RESUMEN -> COUNT . PAR_IZQ DISTINCT CADENA PUNTO CADENA PAR_DER

    PAR_IZQ         shift and go to state 25


state 14

    (1) S -> SELECT_ FROM_ JOIN_ . WHERE_ GROUP_BY ORDER_BY
    (24) WHERE_ -> . WHERE COND_W
    (25) WHERE_ -> .

    WHERE           shift and go to state 27
    GROUP           reduce using rule 25 (WHERE_ -> .)
    ORDER           reduce using rule 25 (WHERE_ -> .)
    $end            reduce using rule 25 (WHERE_ -> .)
    PAR_DER         reduce using rule 25 (WHERE_ -> .)

    WHERE_                         shift and go to state 26

state 15

    (16) JOIN_ -> JOIN_INNER_LEFT . JOIN_
    (16) JOIN_ -> . JOIN_INNER_LEFT JOIN_
    (17) JOIN_ -> .
    (18) JOIN_INNER_LEFT -> . INNER JOIN CADENA CADENA ON COND_W
    (19) JOIN_INNER_LEFT -> . INNER JOIN CADENA AS CADENA ON COND_W
    (20) JOIN_INNER_LEFT -> . LEFT JOIN CADENA CADENA ON COND_W
    (21) JOIN_INNER_LEFT -> . LEFT JOIN CADENA AS CADENA ON COND_W
    (22) JOIN_INNER_LEFT -> . INNER JOIN CADENA ON COND_W
    (23) JOIN_INNER_LEFT -> . LEFT JOIN CADENA ON COND_W

    WHERE           reduce using rule 17 (JOIN_ -> .)
    GROUP           reduce using rule 17 (JOIN_ -> .)
    ORDER           reduce using rule 17 (JOIN_ -> .)
    $end            reduce using rule 17 (JOIN_ -> .)
    PAR_DER         reduce using rule 17 (JOIN_ -> .)
    INNER           shift and go to state 16
    LEFT            shift and go to state 17

    JOIN_INNER_LEFT                shift and go to state 15
    JOIN_                          shift and go to state 28

state 16

    (18) JOIN_INNER_LEFT -> INNER . JOIN CADENA CADENA ON COND_W
    (19) JOIN_INNER_LEFT -> INNER . JOIN CADENA AS CADENA ON COND_W
    (22) JOIN_INNER_LEFT -> INNER . JOIN CADENA ON COND_W

    JOIN            shift and go to state 29


state 17

    (20) JOIN_INNER_LEFT -> LEFT . JOIN CADENA CADENA ON COND_W
    (21) JOIN_INNER_LEFT -> LEFT . JOIN CADENA AS CADENA ON COND_W
    (23) JOIN_INNER_LEFT -> LEFT . JOIN CADENA ON COND_W

    JOIN            shift and go to state 30


state 18

    (13) FROM_ -> FROM CADENA . CADENA
    (14) FROM_ -> FROM CADENA . AS CADENA
    (15) FROM_ -> FROM CADENA .

    CADENA          shift and go to state 31
    AS              shift and go to state 32
    INNER           reduce using rule 15 (FROM_ -> FROM CADENA .)
    LEFT            reduce using rule 15 (FROM_ -> FROM CADENA .)
    WHERE           reduce using rule 15 (FROM_ -> FROM CADENA .)
    GROUP           reduce using rule 15 (FROM_ -> FROM CADENA .)
    ORDER           reduce using rule 15 (FROM_ -> FROM CADENA .)
    $end            reduce using rule 15 (FROM_ -> FROM CADENA .)
    PAR_DER         reduce using rule 15 (FROM_ -> FROM CADENA .)


state 19

    (3) SELECT_ -> SELECT DISTINCT CAMPOS .

    FROM            reduce using rule 3 (SELECT_ -> SELECT DISTINCT CAMPOS .)


state 20

    (4) CAMPOS -> CAMPO COMA . CAMPOS
    (4) CAMPOS -> . CAMPO COMA CAMPOS
    (5) CAMPOS -> . CAMPO
    (6) CAMPO -> . CADENA PUNTO CADENA AS COMILLA CADENA COMILLA
    (7) CAMPO -> . CADENA PUNTO CADENA
    (8) CAMPO -> . FUNC_RESUMEN AS COMILLA CADENA COMILLA
    (9) FUNC_RESUMEN -> . MIN PAR_IZQ CADENA PUNTO CADENA PAR_DER
    (10) FUNC_RESUMEN -> . MAX PAR_IZQ CADENA PUNTO CADENA PAR_DER
    (11) FUNC_RESUMEN -> . COUNT PAR_IZQ CADENA PUNTO CADENA PAR_DER
    (12) FUNC_RESUMEN -> . COUNT PAR_IZQ DISTINCT CADENA PUNTO CADENA PAR_DER

    CADENA          shift and go to state 9
    MIN             shift and go to state 11
    MAX             shift and go to state 12
    COUNT           shift and go to state 13

    CAMPO                          shift and go to state 8
    CAMPOS                         shift and go to state 33
    FUNC_RESUMEN                   shift and go to state 10

state 21

    (6) CAMPO -> CADENA PUNTO . CADENA AS COMILLA CADENA COMILLA
    (7) CAMPO -> CADENA PUNTO . CADENA

    CADENA          shift and go to state 34


state 22

    (8) CAMPO -> FUNC_RESUMEN AS . COMILLA CADENA COMILLA

    COMILLA         shift and go to state 35


state 23

    (9) FUNC_RESUMEN -> MIN PAR_IZQ . CADENA PUNTO CADENA PAR_DER

    CADENA          shift and go to state 36


state 24

    (10) FUNC_RESUMEN -> MAX PAR_IZQ . CADENA PUNTO CADENA PAR_DER

    CADENA          shift and go to state 37


state 25

    (11) FUNC_RESUMEN -> COUNT PAR_IZQ . CADENA PUNTO CADENA PAR_DER
    (12) FUNC_RESUMEN -> COUNT PAR_IZQ . DISTINCT CADENA PUNTO CADENA PAR_DER

    CADENA          shift and go to state 38
    DISTINCT        shift and go to state 39


state 26

    (1) S -> SELECT_ FROM_ JOIN_ WHERE_ . GROUP_BY ORDER_BY
    (46) GROUP_BY -> . GROUP BY CAMPOS_G HAVING_
    (47) GROUP_BY -> .

    GROUP           shift and go to state 41
    ORDER           reduce using rule 47 (GROUP_BY -> .)
    $end            reduce using rule 47 (GROUP_BY -> .)
    PAR_DER         reduce using rule 47 (GROUP_BY -> .)

    GROUP_BY                       shift and go to state 40

state 27

    (24) WHERE_ -> WHERE . COND_W
    (26) COND_W -> . CONDICION
    (27) COND_W -> . CADENA PUNTO CADENA SUBCONSULTA
    (28) COND_W -> . COND_W AND COND_W
    (29) COND_W -> . COND_W OR COND_W
    (30) COND_W -> . PAR_IZQ COND_W OR COND_W PAR_DER
    (35) CONDICION -> . CADENA PUNTO CADENA SIGNO VALOR
    (36) CONDICION -> . CADENA PUNTO CADENA SIGNO CADENA PUNTO CADENA
    (37) CONDICION -> . CADENA PUNTO CADENA NULLEABLE

    CADENA          shift and go to state 44
    PAR_IZQ         shift and go to state 45

    COND_W                         shift and go to state 42
    CONDICION                      shift and go to state 43

state 28

    (16) JOIN_ -> JOIN_INNER_LEFT JOIN_ .

    WHERE           reduce using rule 16 (JOIN_ -> JOIN_INNER_LEFT JOIN_ .)
    GROUP           reduce using rule 16 (JOIN_ -> JOIN_INNER_LEFT JOIN_ .)
    ORDER           reduce using rule 16 (JOIN_ -> JOIN_INNER_LEFT JOIN_ .)
    $end            reduce using rule 16 (JOIN_ -> JOIN_INNER_LEFT JOIN_ .)
    PAR_DER         reduce using rule 16 (JOIN_ -> JOIN_INNER_LEFT JOIN_ .)


state 29

    (18) JOIN_INNER_LEFT -> INNER JOIN . CADENA CADENA ON COND_W
    (19) JOIN_INNER_LEFT -> INNER JOIN . CADENA AS CADENA ON COND_W
    (22) JOIN_INNER_LEFT -> INNER JOIN . CADENA ON COND_W

    CADENA          shift and go to state 46


state 30

    (20) JOIN_INNER_LEFT -> LEFT JOIN . CADENA CADENA ON COND_W
    (21) JOIN_INNER_LEFT -> LEFT JOIN . CADENA AS CADENA ON COND_W
    (23) JOIN_INNER_LEFT -> LEFT JOIN . CADENA ON COND_W

    CADENA          shift and go to state 47


state 31

    (13) FROM_ -> FROM CADENA CADENA .

    INNER           reduce using rule 13 (FROM_ -> FROM CADENA CADENA .)
    LEFT            reduce using rule 13 (FROM_ -> FROM CADENA CADENA .)
    WHERE           reduce using rule 13 (FROM_ -> FROM CADENA CADENA .)
    GROUP           reduce using rule 13 (FROM_ -> FROM CADENA CADENA .)
    ORDER           reduce using rule 13 (FROM_ -> FROM CADENA CADENA .)
    $end            reduce using rule 13 (FROM_ -> FROM CADENA CADENA .)
    PAR_DER         reduce using rule 13 (FROM_ -> FROM CADENA CADENA .)


state 32

    (14) FROM_ -> FROM CADENA AS . CADENA

    CADENA          shift and go to state 48


state 33

    (4) CAMPOS -> CAMPO COMA CAMPOS .

    FROM            reduce using rule 4 (CAMPOS -> CAMPO COMA CAMPOS .)


state 34

    (6) CAMPO -> CADENA PUNTO CADENA . AS COMILLA CADENA COMILLA
    (7) CAMPO -> CADENA PUNTO CADENA .

    AS              shift and go to state 49
    COMA            reduce using rule 7 (CAMPO -> CADENA PUNTO CADENA .)
    FROM            reduce using rule 7 (CAMPO -> CADENA PUNTO CADENA .)


state 35

    (8) CAMPO -> FUNC_RESUMEN AS COMILLA . CADENA COMILLA

    CADENA          shift and go to state 50


state 36

    (9) FUNC_RESUMEN -> MIN PAR_IZQ CADENA . PUNTO CADENA PAR_DER

    PUNTO           shift and go to state 51


state 37

    (10) FUNC_RESUMEN -> MAX PAR_IZQ CADENA . PUNTO CADENA PAR_DER

    PUNTO           shift and go to state 52


state 38

    (11) FUNC_RESUMEN -> COUNT PAR_IZQ CADENA . PUNTO CADENA PAR_DER

    PUNTO           shift and go to state 53


state 39

    (12) FUNC_RESUMEN -> COUNT PAR_IZQ DISTINCT . CADENA PUNTO CADENA PAR_DER

    CADENA          shift and go to state 54


state 40

    (1) S -> SELECT_ FROM_ JOIN_ WHERE_ GROUP_BY . ORDER_BY
    (52) ORDER_BY -> . ORDER BY CAMPOS_O
    (53) ORDER_BY -> .

    ORDER           shift and go to state 56
    $end            reduce using rule 53 (ORDER_BY -> .)
    PAR_DER         reduce using rule 53 (ORDER_BY -> .)

    ORDER_BY                       shift and go to state 55

state 41

    (46) GROUP_BY -> GROUP . BY CAMPOS_G HAVING_

    BY              shift and go to state 57


state 42

    (24) WHERE_ -> WHERE COND_W .
    (28) COND_W -> COND_W . AND COND_W
    (29) COND_W -> COND_W . OR COND_W

    GROUP           reduce using rule 24 (WHERE_ -> WHERE COND_W .)
    ORDER           reduce using rule 24 (WHERE_ -> WHERE COND_W .)
    $end            reduce using rule 24 (WHERE_ -> WHERE COND_W .)
    PAR_DER         reduce using rule 24 (WHERE_ -> WHERE COND_W .)
    AND             shift and go to state 58
    OR              shift and go to state 59


state 43

    (26) COND_W -> CONDICION .

    AND             reduce using rule 26 (COND_W -> CONDICION .)
    OR              reduce using rule 26 (COND_W -> CONDICION .)
    GROUP           reduce using rule 26 (COND_W -> CONDICION .)
    ORDER           reduce using rule 26 (COND_W -> CONDICION .)
    $end            reduce using rule 26 (COND_W -> CONDICION .)
    PAR_DER         reduce using rule 26 (COND_W -> CONDICION .)
    INNER           reduce using rule 26 (COND_W -> CONDICION .)
    LEFT            reduce using rule 26 (COND_W -> CONDICION .)
    WHERE           reduce using rule 26 (COND_W -> CONDICION .)


state 44

    (27) COND_W -> CADENA . PUNTO CADENA SUBCONSULTA
    (35) CONDICION -> CADENA . PUNTO CADENA SIGNO VALOR
    (36) CONDICION -> CADENA . PUNTO CADENA SIGNO CADENA PUNTO CADENA
    (37) CONDICION -> CADENA . PUNTO CADENA NULLEABLE

    PUNTO           shift and go to state 60


state 45

    (30) COND_W -> PAR_IZQ . COND_W OR COND_W PAR_DER
    (26) COND_W -> . CONDICION
    (27) COND_W -> . CADENA PUNTO CADENA SUBCONSULTA
    (28) COND_W -> . COND_W AND COND_W
    (29) COND_W -> . COND_W OR COND_W
    (30) COND_W -> . PAR_IZQ COND_W OR COND_W PAR_DER
    (35) CONDICION -> . CADENA PUNTO CADENA SIGNO VALOR
    (36) CONDICION -> . CADENA PUNTO CADENA SIGNO CADENA PUNTO CADENA
    (37) CONDICION -> . CADENA PUNTO CADENA NULLEABLE

    CADENA          shift and go to state 44
    PAR_IZQ         shift and go to state 45

    COND_W                         shift and go to state 61
    CONDICION                      shift and go to state 43

state 46

    (18) JOIN_INNER_LEFT -> INNER JOIN CADENA . CADENA ON COND_W
    (19) JOIN_INNER_LEFT -> INNER JOIN CADENA . AS CADENA ON COND_W
    (22) JOIN_INNER_LEFT -> INNER JOIN CADENA . ON COND_W

    CADENA          shift and go to state 62
    AS              shift and go to state 64
    ON              shift and go to state 63


state 47

    (20) JOIN_INNER_LEFT -> LEFT JOIN CADENA . CADENA ON COND_W
    (21) JOIN_INNER_LEFT -> LEFT JOIN CADENA . AS CADENA ON COND_W
    (23) JOIN_INNER_LEFT -> LEFT JOIN CADENA . ON COND_W

    CADENA          shift and go to state 65
    AS              shift and go to state 67
    ON              shift and go to state 66


state 48

    (14) FROM_ -> FROM CADENA AS CADENA .

    INNER           reduce using rule 14 (FROM_ -> FROM CADENA AS CADENA .)
    LEFT            reduce using rule 14 (FROM_ -> FROM CADENA AS CADENA .)
    WHERE           reduce using rule 14 (FROM_ -> FROM CADENA AS CADENA .)
    GROUP           reduce using rule 14 (FROM_ -> FROM CADENA AS CADENA .)
    ORDER           reduce using rule 14 (FROM_ -> FROM CADENA AS CADENA .)
    $end            reduce using rule 14 (FROM_ -> FROM CADENA AS CADENA .)
    PAR_DER         reduce using rule 14 (FROM_ -> FROM CADENA AS CADENA .)


state 49

    (6) CAMPO -> CADENA PUNTO CADENA AS . COMILLA CADENA COMILLA

    COMILLA         shift and go to state 68


state 50

    (8) CAMPO -> FUNC_RESUMEN AS COMILLA CADENA . COMILLA

    COMILLA         shift and go to state 69


state 51

    (9) FUNC_RESUMEN -> MIN PAR_IZQ CADENA PUNTO . CADENA PAR_DER

    CADENA          shift and go to state 70


state 52

    (10) FUNC_RESUMEN -> MAX PAR_IZQ CADENA PUNTO . CADENA PAR_DER

    CADENA          shift and go to state 71


state 53

    (11) FUNC_RESUMEN -> COUNT PAR_IZQ CADENA PUNTO . CADENA PAR_DER

    CADENA          shift and go to state 72


state 54

    (12) FUNC_RESUMEN -> COUNT PAR_IZQ DISTINCT CADENA . PUNTO CADENA PAR_DER

    PUNTO           shift and go to state 73


state 55

    (1) S -> SELECT_ FROM_ JOIN_ WHERE_ GROUP_BY ORDER_BY .

    $end            reduce using rule 1 (S -> SELECT_ FROM_ JOIN_ WHERE_ GROUP_BY ORDER_BY .)
    PAR_DER         reduce using rule 1 (S -> SELECT_ FROM_ JOIN_ WHERE_ GROUP_BY ORDER_BY .)


state 56

    (52) ORDER_BY -> ORDER . BY CAMPOS_O

    BY              shift and go to state 74


state 57

    (46) GROUP_BY -> GROUP BY . CAMPOS_G HAVING_
    (48) CAMPOS_G -> . CADENA PUNTO CADENA COMA CAMPOS_G
    (49) CAMPOS_G -> . CADENA PUNTO CADENA

    CADENA          shift and go to state 76

    CAMPOS_G                       shift and go to state 75

state 58

    (28) COND_W -> COND_W AND . COND_W
    (26) COND_W -> . CONDICION
    (27) COND_W -> . CADENA PUNTO CADENA SUBCONSULTA
    (28) COND_W -> . COND_W AND COND_W
    (29) COND_W -> . COND_W OR COND_W
    (30) COND_W -> . PAR_IZQ COND_W OR COND_W PAR_DER
    (35) CONDICION -> . CADENA PUNTO CADENA SIGNO VALOR
    (36) CONDICION -> . CADENA PUNTO CADENA SIGNO CADENA PUNTO CADENA
    (37) CONDICION -> . CADENA PUNTO CADENA NULLEABLE

    CADENA          shift and go to state 44
    PAR_IZQ         shift and go to state 45

    COND_W                         shift and go to state 77
    CONDICION                      shift and go to state 43

state 59

    (29) COND_W -> COND_W OR . COND_W
    (26) COND_W -> . CONDICION
    (27) COND_W -> . CADENA PUNTO CADENA SUBCONSULTA
    (28) COND_W -> . COND_W AND COND_W
    (29) COND_W -> . COND_W OR COND_W
    (30) COND_W -> . PAR_IZQ COND_W OR COND_W PAR_DER
    (35) CONDICION -> . CADENA PUNTO CADENA SIGNO VALOR
    (36) CONDICION -> . CADENA PUNTO CADENA SIGNO CADENA PUNTO CADENA
    (37) CONDICION -> . CADENA PUNTO CADENA NULLEABLE

    CADENA          shift and go to state 44
    PAR_IZQ         shift and go to state 45

    COND_W                         shift and go to state 78
    CONDICION                      shift and go to state 43

state 60

    (27) COND_W -> CADENA PUNTO . CADENA SUBCONSULTA
    (35) CONDICION -> CADENA PUNTO . CADENA SIGNO VALOR
    (36) CONDICION -> CADENA PUNTO . CADENA SIGNO CADENA PUNTO CADENA
    (37) CONDICION -> CADENA PUNTO . CADENA NULLEABLE

    CADENA          shift and go to state 79


state 61

    (30) COND_W -> PAR_IZQ COND_W . OR COND_W PAR_DER
    (28) COND_W -> COND_W . AND COND_W
    (29) COND_W -> COND_W . OR COND_W

    OR              shift and go to state 80
    AND             shift and go to state 58


state 62

    (18) JOIN_INNER_LEFT -> INNER JOIN CADENA CADENA . ON COND_W

    ON              shift and go to state 81


state 63

    (22) JOIN_INNER_LEFT -> INNER JOIN CADENA ON . COND_W
    (26) COND_W -> . CONDICION
    (27) COND_W -> . CADENA PUNTO CADENA SUBCONSULTA
    (28) COND_W -> . COND_W AND COND_W
    (29) COND_W -> . COND_W OR COND_W
    (30) COND_W -> . PAR_IZQ COND_W OR COND_W PAR_DER
    (35) CONDICION -> . CADENA PUNTO CADENA SIGNO VALOR
    (36) CONDICION -> . CADENA PUNTO CADENA SIGNO CADENA PUNTO CADENA
    (37) CONDICION -> . CADENA PUNTO CADENA NULLEABLE

    CADENA          shift and go to state 44
    PAR_IZQ         shift and go to state 45

    COND_W                         shift and go to state 82
    CONDICION                      shift and go to state 43

state 64

    (19) JOIN_INNER_LEFT -> INNER JOIN CADENA AS . CADENA ON COND_W

    CADENA          shift and go to state 83


state 65

    (20) JOIN_INNER_LEFT -> LEFT JOIN CADENA CADENA . ON COND_W

    ON              shift and go to state 84


state 66

    (23) JOIN_INNER_LEFT -> LEFT JOIN CADENA ON . COND_W
    (26) COND_W -> . CONDICION
    (27) COND_W -> . CADENA PUNTO CADENA SUBCONSULTA
    (28) COND_W -> . COND_W AND COND_W
    (29) COND_W -> . COND_W OR COND_W
    (30) COND_W -> . PAR_IZQ COND_W OR COND_W PAR_DER
    (35) CONDICION -> . CADENA PUNTO CADENA SIGNO VALOR
    (36) CONDICION -> . CADENA PUNTO CADENA SIGNO CADENA PUNTO CADENA
    (37) CONDICION -> . CADENA PUNTO CADENA NULLEABLE

    CADENA          shift and go to state 44
    PAR_IZQ         shift and go to state 45

    COND_W                         shift and go to state 85
    CONDICION                      shift and go to state 43

state 67

    (21) JOIN_INNER_LEFT -> LEFT JOIN CADENA AS . CADENA ON COND_W

    CADENA          shift and go to state 86


state 68

    (6) CAMPO -> CADENA PUNTO CADENA AS COMILLA . CADENA COMILLA

    CADENA          shift and go to state 87


state 69

    (8) CAMPO -> FUNC_RESUMEN AS COMILLA CADENA COMILLA .

    COMA            reduce using rule 8 (CAMPO -> FUNC_RESUMEN AS COMILLA CADENA COMILLA .)
    FROM            reduce using rule 8 (CAMPO -> FUNC_RESUMEN AS COMILLA CADENA COMILLA .)


state 70

    (9) FUNC_RESUMEN -> MIN PAR_IZQ CADENA PUNTO CADENA . PAR_DER

    PAR_DER         shift and go to state 88


state 71

    (10) FUNC_RESUMEN -> MAX PAR_IZQ CADENA PUNTO CADENA . PAR_DER

    PAR_DER         shift and go to state 89


state 72

    (11) FUNC_RESUMEN -> COUNT PAR_IZQ CADENA PUNTO CADENA . PAR_DER

    PAR_DER         shift and go to state 90


state 73

    (12) FUNC_RESUMEN -> COUNT PAR_IZQ DISTINCT CADENA PUNTO . CADENA PAR_DER

    CADENA          shift and go to state 91


state 74

    (52) ORDER_BY -> ORDER BY . CAMPOS_O
    (54) CAMPOS_O -> . CADENA PUNTO CADENA ORDEN COMA CAMPOS_O
    (55) CAMPOS_O -> . CADENA PUNTO CADENA ORDEN

    CADENA          shift and go to state 93

    CAMPOS_O                       shift and go to state 92

state 75

    (46) GROUP_BY -> GROUP BY CAMPOS_G . HAVING_
    (50) HAVING_ -> . HAVING FUNC_RESUMEN SIGNO VALOR
    (51) HAVING_ -> .

    HAVING          shift and go to state 95
    ORDER           reduce using rule 51 (HAVING_ -> .)
    $end            reduce using rule 51 (HAVING_ -> .)
    PAR_DER         reduce using rule 51 (HAVING_ -> .)

    HAVING_                        shift and go to state 94

state 76

    (48) CAMPOS_G -> CADENA . PUNTO CADENA COMA CAMPOS_G
    (49) CAMPOS_G -> CADENA . PUNTO CADENA

    PUNTO           shift and go to state 96


state 77

    (28) COND_W -> COND_W AND COND_W .
    (28) COND_W -> COND_W . AND COND_W
    (29) COND_W -> COND_W . OR COND_W

  ! shift/reduce conflict for AND resolved as shift
  ! shift/reduce conflict for OR resolved as shift
    GROUP           reduce using rule 28 (COND_W -> COND_W AND COND_W .)
    ORDER           reduce using rule 28 (COND_W -> COND_W AND COND_W .)
    $end            reduce using rule 28 (COND_W -> COND_W AND COND_W .)
    PAR_DER         reduce using rule 28 (COND_W -> COND_W AND COND_W .)
    INNER           reduce using rule 28 (COND_W -> COND_W AND COND_W .)
    LEFT            reduce using rule 28 (COND_W -> COND_W AND COND_W .)
    WHERE           reduce using rule 28 (COND_W -> COND_W AND COND_W .)
    AND             shift and go to state 58
    OR              shift and go to state 59

  ! AND             [ reduce using rule 28 (COND_W -> COND_W AND COND_W .) ]
  ! OR              [ reduce using rule 28 (COND_W -> COND_W AND COND_W .) ]


state 78

    (29) COND_W -> COND_W OR COND_W .
    (28) COND_W -> COND_W . AND COND_W
    (29) COND_W -> COND_W . OR COND_W

  ! shift/reduce conflict for AND resolved as shift
  ! shift/reduce conflict for OR resolved as shift
    GROUP           reduce using rule 29 (COND_W -> COND_W OR COND_W .)
    ORDER           reduce using rule 29 (COND_W -> COND_W OR COND_W .)
    $end            reduce using rule 29 (COND_W -> COND_W OR COND_W .)
    PAR_DER         reduce using rule 29 (COND_W -> COND_W OR COND_W .)
    INNER           reduce using rule 29 (COND_W -> COND_W OR COND_W .)
    LEFT            reduce using rule 29 (COND_W -> COND_W OR COND_W .)
    WHERE           reduce using rule 29 (COND_W -> COND_W OR COND_W .)
    AND             shift and go to state 58
    OR              shift and go to state 59

  ! AND             [ reduce using rule 29 (COND_W -> COND_W OR COND_W .) ]
  ! OR              [ reduce using rule 29 (COND_W -> COND_W OR COND_W .) ]


state 79

    (27) COND_W -> CADENA PUNTO CADENA . SUBCONSULTA
    (35) CONDICION -> CADENA PUNTO CADENA . SIGNO VALOR
    (36) CONDICION -> CADENA PUNTO CADENA . SIGNO CADENA PUNTO CADENA
    (37) CONDICION -> CADENA PUNTO CADENA . NULLEABLE
    (31) SUBCONSULTA -> . IN PAR_IZQ S PAR_DER
    (32) SUBCONSULTA -> . NOT IN PAR_IZQ S PAR_DER
    (40) SIGNO -> . IGUAL
    (41) SIGNO -> . MAYOR
    (42) SIGNO -> . MENOR
    (43) SIGNO -> . MAYOR_IGUAL
    (44) SIGNO -> . MENOR_IGUAL
    (45) SIGNO -> . DESIGUAL
    (38) NULLEABLE -> . IS NOT NULL
    (39) NULLEABLE -> . IS NULL

    IN              shift and go to state 100
    NOT             shift and go to state 101
    IGUAL           shift and go to state 102
    MAYOR           shift and go to state 103
    MENOR           shift and go to state 104
    MAYOR_IGUAL     shift and go to state 105
    MENOR_IGUAL     shift and go to state 106
    DESIGUAL        shift and go to state 107
    IS              shift and go to state 108

    SUBCONSULTA                    shift and go to state 97
    SIGNO                          shift and go to state 98
    NULLEABLE                      shift and go to state 99

state 80

    (30) COND_W -> PAR_IZQ COND_W OR . COND_W PAR_DER
    (29) COND_W -> COND_W OR . COND_W
    (26) COND_W -> . CONDICION
    (27) COND_W -> . CADENA PUNTO CADENA SUBCONSULTA
    (28) COND_W -> . COND_W AND COND_W
    (29) COND_W -> . COND_W OR COND_W
    (30) COND_W -> . PAR_IZQ COND_W OR COND_W PAR_DER
    (35) CONDICION -> . CADENA PUNTO CADENA SIGNO VALOR
    (36) CONDICION -> . CADENA PUNTO CADENA SIGNO CADENA PUNTO CADENA
    (37) CONDICION -> . CADENA PUNTO CADENA NULLEABLE

    CADENA          shift and go to state 44
    PAR_IZQ         shift and go to state 45

    COND_W                         shift and go to state 109
    CONDICION                      shift and go to state 43

state 81

    (18) JOIN_INNER_LEFT -> INNER JOIN CADENA CADENA ON . COND_W
    (26) COND_W -> . CONDICION
    (27) COND_W -> . CADENA PUNTO CADENA SUBCONSULTA
    (28) COND_W -> . COND_W AND COND_W
    (29) COND_W -> . COND_W OR COND_W
    (30) COND_W -> . PAR_IZQ COND_W OR COND_W PAR_DER
    (35) CONDICION -> . CADENA PUNTO CADENA SIGNO VALOR
    (36) CONDICION -> . CADENA PUNTO CADENA SIGNO CADENA PUNTO CADENA
    (37) CONDICION -> . CADENA PUNTO CADENA NULLEABLE

    CADENA          shift and go to state 44
    PAR_IZQ         shift and go to state 45

    COND_W                         shift and go to state 110
    CONDICION                      shift and go to state 43

state 82

    (22) JOIN_INNER_LEFT -> INNER JOIN CADENA ON COND_W .
    (28) COND_W -> COND_W . AND COND_W
    (29) COND_W -> COND_W . OR COND_W

    INNER           reduce using rule 22 (JOIN_INNER_LEFT -> INNER JOIN CADENA ON COND_W .)
    LEFT            reduce using rule 22 (JOIN_INNER_LEFT -> INNER JOIN CADENA ON COND_W .)
    WHERE           reduce using rule 22 (JOIN_INNER_LEFT -> INNER JOIN CADENA ON COND_W .)
    GROUP           reduce using rule 22 (JOIN_INNER_LEFT -> INNER JOIN CADENA ON COND_W .)
    ORDER           reduce using rule 22 (JOIN_INNER_LEFT -> INNER JOIN CADENA ON COND_W .)
    $end            reduce using rule 22 (JOIN_INNER_LEFT -> INNER JOIN CADENA ON COND_W .)
    PAR_DER         reduce using rule 22 (JOIN_INNER_LEFT -> INNER JOIN CADENA ON COND_W .)
    AND             shift and go to state 58
    OR              shift and go to state 59


state 83

    (19) JOIN_INNER_LEFT -> INNER JOIN CADENA AS CADENA . ON COND_W

    ON              shift and go to state 111


state 84

    (20) JOIN_INNER_LEFT -> LEFT JOIN CADENA CADENA ON . COND_W
    (26) COND_W -> . CONDICION
    (27) COND_W -> . CADENA PUNTO CADENA SUBCONSULTA
    (28) COND_W -> . COND_W AND COND_W
    (29) COND_W -> . COND_W OR COND_W
    (30) COND_W -> . PAR_IZQ COND_W OR COND_W PAR_DER
    (35) CONDICION -> . CADENA PUNTO CADENA SIGNO VALOR
    (36) CONDICION -> . CADENA PUNTO CADENA SIGNO CADENA PUNTO CADENA
    (37) CONDICION -> . CADENA PUNTO CADENA NULLEABLE

    CADENA          shift and go to state 44
    PAR_IZQ         shift and go to state 45

    COND_W                         shift and go to state 112
    CONDICION                      shift and go to state 43

state 85

    (23) JOIN_INNER_LEFT -> LEFT JOIN CADENA ON COND_W .
    (28) COND_W -> COND_W . AND COND_W
    (29) COND_W -> COND_W . OR COND_W

    INNER           reduce using rule 23 (JOIN_INNER_LEFT -> LEFT JOIN CADENA ON COND_W .)
    LEFT            reduce using rule 23 (JOIN_INNER_LEFT -> LEFT JOIN CADENA ON COND_W .)
    WHERE           reduce using rule 23 (JOIN_INNER_LEFT -> LEFT JOIN CADENA ON COND_W .)
    GROUP           reduce using rule 23 (JOIN_INNER_LEFT -> LEFT JOIN CADENA ON COND_W .)
    ORDER           reduce using rule 23 (JOIN_INNER_LEFT -> LEFT JOIN CADENA ON COND_W .)
    $end            reduce using rule 23 (JOIN_INNER_LEFT -> LEFT JOIN CADENA ON COND_W .)
    PAR_DER         reduce using rule 23 (JOIN_INNER_LEFT -> LEFT JOIN CADENA ON COND_W .)
    AND             shift and go to state 58
    OR              shift and go to state 59


state 86

    (21) JOIN_INNER_LEFT -> LEFT JOIN CADENA AS CADENA . ON COND_W

    ON              shift and go to state 113


state 87

    (6) CAMPO -> CADENA PUNTO CADENA AS COMILLA CADENA . COMILLA

    COMILLA         shift and go to state 114


state 88

    (9) FUNC_RESUMEN -> MIN PAR_IZQ CADENA PUNTO CADENA PAR_DER .

    AS              reduce using rule 9 (FUNC_RESUMEN -> MIN PAR_IZQ CADENA PUNTO CADENA PAR_DER .)
    IGUAL           reduce using rule 9 (FUNC_RESUMEN -> MIN PAR_IZQ CADENA PUNTO CADENA PAR_DER .)
    MAYOR           reduce using rule 9 (FUNC_RESUMEN -> MIN PAR_IZQ CADENA PUNTO CADENA PAR_DER .)
    MENOR           reduce using rule 9 (FUNC_RESUMEN -> MIN PAR_IZQ CADENA PUNTO CADENA PAR_DER .)
    MAYOR_IGUAL     reduce using rule 9 (FUNC_RESUMEN -> MIN PAR_IZQ CADENA PUNTO CADENA PAR_DER .)
    MENOR_IGUAL     reduce using rule 9 (FUNC_RESUMEN -> MIN PAR_IZQ CADENA PUNTO CADENA PAR_DER .)
    DESIGUAL        reduce using rule 9 (FUNC_RESUMEN -> MIN PAR_IZQ CADENA PUNTO CADENA PAR_DER .)


state 89

    (10) FUNC_RESUMEN -> MAX PAR_IZQ CADENA PUNTO CADENA PAR_DER .

    AS              reduce using rule 10 (FUNC_RESUMEN -> MAX PAR_IZQ CADENA PUNTO CADENA PAR_DER .)
    IGUAL           reduce using rule 10 (FUNC_RESUMEN -> MAX PAR_IZQ CADENA PUNTO CADENA PAR_DER .)
    MAYOR           reduce using rule 10 (FUNC_RESUMEN -> MAX PAR_IZQ CADENA PUNTO CADENA PAR_DER .)
    MENOR           reduce using rule 10 (FUNC_RESUMEN -> MAX PAR_IZQ CADENA PUNTO CADENA PAR_DER .)
    MAYOR_IGUAL     reduce using rule 10 (FUNC_RESUMEN -> MAX PAR_IZQ CADENA PUNTO CADENA PAR_DER .)
    MENOR_IGUAL     reduce using rule 10 (FUNC_RESUMEN -> MAX PAR_IZQ CADENA PUNTO CADENA PAR_DER .)
    DESIGUAL        reduce using rule 10 (FUNC_RESUMEN -> MAX PAR_IZQ CADENA PUNTO CADENA PAR_DER .)


state 90

    (11) FUNC_RESUMEN -> COUNT PAR_IZQ CADENA PUNTO CADENA PAR_DER .

    AS              reduce using rule 11 (FUNC_RESUMEN -> COUNT PAR_IZQ CADENA PUNTO CADENA PAR_DER .)
    IGUAL           reduce using rule 11 (FUNC_RESUMEN -> COUNT PAR_IZQ CADENA PUNTO CADENA PAR_DER .)
    MAYOR           reduce using rule 11 (FUNC_RESUMEN -> COUNT PAR_IZQ CADENA PUNTO CADENA PAR_DER .)
    MENOR           reduce using rule 11 (FUNC_RESUMEN -> COUNT PAR_IZQ CADENA PUNTO CADENA PAR_DER .)
    MAYOR_IGUAL     reduce using rule 11 (FUNC_RESUMEN -> COUNT PAR_IZQ CADENA PUNTO CADENA PAR_DER .)
    MENOR_IGUAL     reduce using rule 11 (FUNC_RESUMEN -> COUNT PAR_IZQ CADENA PUNTO CADENA PAR_DER .)
    DESIGUAL        reduce using rule 11 (FUNC_RESUMEN -> COUNT PAR_IZQ CADENA PUNTO CADENA PAR_DER .)


state 91

    (12) FUNC_RESUMEN -> COUNT PAR_IZQ DISTINCT CADENA PUNTO CADENA . PAR_DER

    PAR_DER         shift and go to state 115


state 92

    (52) ORDER_BY -> ORDER BY CAMPOS_O .

    $end            reduce using rule 52 (ORDER_BY -> ORDER BY CAMPOS_O .)
    PAR_DER         reduce using rule 52 (ORDER_BY -> ORDER BY CAMPOS_O .)


state 93

    (54) CAMPOS_O -> CADENA . PUNTO CADENA ORDEN COMA CAMPOS_O
    (55) CAMPOS_O -> CADENA . PUNTO CADENA ORDEN

    PUNTO           shift and go to state 116


state 94

    (46) GROUP_BY -> GROUP BY CAMPOS_G HAVING_ .

    ORDER           reduce using rule 46 (GROUP_BY -> GROUP BY CAMPOS_G HAVING_ .)
    $end            reduce using rule 46 (GROUP_BY -> GROUP BY CAMPOS_G HAVING_ .)
    PAR_DER         reduce using rule 46 (GROUP_BY -> GROUP BY CAMPOS_G HAVING_ .)


state 95

    (50) HAVING_ -> HAVING . FUNC_RESUMEN SIGNO VALOR
    (9) FUNC_RESUMEN -> . MIN PAR_IZQ CADENA PUNTO CADENA PAR_DER
    (10) FUNC_RESUMEN -> . MAX PAR_IZQ CADENA PUNTO CADENA PAR_DER
    (11) FUNC_RESUMEN -> . COUNT PAR_IZQ CADENA PUNTO CADENA PAR_DER
    (12) FUNC_RESUMEN -> . COUNT PAR_IZQ DISTINCT CADENA PUNTO CADENA PAR_DER

    MIN             shift and go to state 11
    MAX             shift and go to state 12
    COUNT           shift and go to state 13

    FUNC_RESUMEN                   shift and go to state 117

state 96

    (48) CAMPOS_G -> CADENA PUNTO . CADENA COMA CAMPOS_G
    (49) CAMPOS_G -> CADENA PUNTO . CADENA

    CADENA          shift and go to state 118


state 97

    (27) COND_W -> CADENA PUNTO CADENA SUBCONSULTA .

    AND             reduce using rule 27 (COND_W -> CADENA PUNTO CADENA SUBCONSULTA .)
    OR              reduce using rule 27 (COND_W -> CADENA PUNTO CADENA SUBCONSULTA .)
    GROUP           reduce using rule 27 (COND_W -> CADENA PUNTO CADENA SUBCONSULTA .)
    ORDER           reduce using rule 27 (COND_W -> CADENA PUNTO CADENA SUBCONSULTA .)
    $end            reduce using rule 27 (COND_W -> CADENA PUNTO CADENA SUBCONSULTA .)
    PAR_DER         reduce using rule 27 (COND_W -> CADENA PUNTO CADENA SUBCONSULTA .)
    INNER           reduce using rule 27 (COND_W -> CADENA PUNTO CADENA SUBCONSULTA .)
    LEFT            reduce using rule 27 (COND_W -> CADENA PUNTO CADENA SUBCONSULTA .)
    WHERE           reduce using rule 27 (COND_W -> CADENA PUNTO CADENA SUBCONSULTA .)


state 98

    (35) CONDICION -> CADENA PUNTO CADENA SIGNO . VALOR
    (36) CONDICION -> CADENA PUNTO CADENA SIGNO . CADENA PUNTO CADENA
    (33) VALOR -> . NUMERO
    (34) VALOR -> . COMILLA CADENA COMILLA

    CADENA          shift and go to state 119
    NUMERO          shift and go to state 121
    COMILLA         shift and go to state 122

    VALOR                          shift and go to state 120

state 99

    (37) CONDICION -> CADENA PUNTO CADENA NULLEABLE .

    AND             reduce using rule 37 (CONDICION -> CADENA PUNTO CADENA NULLEABLE .)
    OR              reduce using rule 37 (CONDICION -> CADENA PUNTO CADENA NULLEABLE .)
    GROUP           reduce using rule 37 (CONDICION -> CADENA PUNTO CADENA NULLEABLE .)
    ORDER           reduce using rule 37 (CONDICION -> CADENA PUNTO CADENA NULLEABLE .)
    $end            reduce using rule 37 (CONDICION -> CADENA PUNTO CADENA NULLEABLE .)
    PAR_DER         reduce using rule 37 (CONDICION -> CADENA PUNTO CADENA NULLEABLE .)
    INNER           reduce using rule 37 (CONDICION -> CADENA PUNTO CADENA NULLEABLE .)
    LEFT            reduce using rule 37 (CONDICION -> CADENA PUNTO CADENA NULLEABLE .)
    WHERE           reduce using rule 37 (CONDICION -> CADENA PUNTO CADENA NULLEABLE .)


state 100

    (31) SUBCONSULTA -> IN . PAR_IZQ S PAR_DER

    PAR_IZQ         shift and go to state 123


state 101

    (32) SUBCONSULTA -> NOT . IN PAR_IZQ S PAR_DER

    IN              shift and go to state 124


state 102

    (40) SIGNO -> IGUAL .

    CADENA          reduce using rule 40 (SIGNO -> IGUAL .)
    NUMERO          reduce using rule 40 (SIGNO -> IGUAL .)
    COMILLA         reduce using rule 40 (SIGNO -> IGUAL .)


state 103

    (41) SIGNO -> MAYOR .

    CADENA          reduce using rule 41 (SIGNO -> MAYOR .)
    NUMERO          reduce using rule 41 (SIGNO -> MAYOR .)
    COMILLA         reduce using rule 41 (SIGNO -> MAYOR .)


state 104

    (42) SIGNO -> MENOR .

    CADENA          reduce using rule 42 (SIGNO -> MENOR .)
    NUMERO          reduce using rule 42 (SIGNO -> MENOR .)
    COMILLA         reduce using rule 42 (SIGNO -> MENOR .)


state 105

    (43) SIGNO -> MAYOR_IGUAL .

    CADENA          reduce using rule 43 (SIGNO -> MAYOR_IGUAL .)
    NUMERO          reduce using rule 43 (SIGNO -> MAYOR_IGUAL .)
    COMILLA         reduce using rule 43 (SIGNO -> MAYOR_IGUAL .)


state 106

    (44) SIGNO -> MENOR_IGUAL .

    CADENA          reduce using rule 44 (SIGNO -> MENOR_IGUAL .)
    NUMERO          reduce using rule 44 (SIGNO -> MENOR_IGUAL .)
    COMILLA         reduce using rule 44 (SIGNO -> MENOR_IGUAL .)


state 107

    (45) SIGNO -> DESIGUAL .

    CADENA          reduce using rule 45 (SIGNO -> DESIGUAL .)
    NUMERO          reduce using rule 45 (SIGNO -> DESIGUAL .)
    COMILLA         reduce using rule 45 (SIGNO -> DESIGUAL .)


state 108

    (38) NULLEABLE -> IS . NOT NULL
    (39) NULLEABLE -> IS . NULL

    NOT             shift and go to state 125
    NULL            shift and go to state 126


state 109

    (30) COND_W -> PAR_IZQ COND_W OR COND_W . PAR_DER
    (29) COND_W -> COND_W OR COND_W .
    (28) COND_W -> COND_W . AND COND_W
    (29) COND_W -> COND_W . OR COND_W

  ! shift/reduce conflict for AND resolved as shift
  ! shift/reduce conflict for OR resolved as shift
    PAR_DER         shift and go to state 127
    AND             shift and go to state 58
    OR              shift and go to state 59

  ! OR              [ reduce using rule 29 (COND_W -> COND_W OR COND_W .) ]
  ! AND             [ reduce using rule 29 (COND_W -> COND_W OR COND_W .) ]


state 110

    (18) JOIN_INNER_LEFT -> INNER JOIN CADENA CADENA ON COND_W .
    (28) COND_W -> COND_W . AND COND_W
    (29) COND_W -> COND_W . OR COND_W

    INNER           reduce using rule 18 (JOIN_INNER_LEFT -> INNER JOIN CADENA CADENA ON COND_W .)
    LEFT            reduce using rule 18 (JOIN_INNER_LEFT -> INNER JOIN CADENA CADENA ON COND_W .)
    WHERE           reduce using rule 18 (JOIN_INNER_LEFT -> INNER JOIN CADENA CADENA ON COND_W .)
    GROUP           reduce using rule 18 (JOIN_INNER_LEFT -> INNER JOIN CADENA CADENA ON COND_W .)
    ORDER           reduce using rule 18 (JOIN_INNER_LEFT -> INNER JOIN CADENA CADENA ON COND_W .)
    $end            reduce using rule 18 (JOIN_INNER_LEFT -> INNER JOIN CADENA CADENA ON COND_W .)
    PAR_DER         reduce using rule 18 (JOIN_INNER_LEFT -> INNER JOIN CADENA CADENA ON COND_W .)
    AND             shift and go to state 58
    OR              shift and go to state 59


state 111

    (19) JOIN_INNER_LEFT -> INNER JOIN CADENA AS CADENA ON . COND_W
    (26) COND_W -> . CONDICION
    (27) COND_W -> . CADENA PUNTO CADENA SUBCONSULTA
    (28) COND_W -> . COND_W AND COND_W
    (29) COND_W -> . COND_W OR COND_W
    (30) COND_W -> . PAR_IZQ COND_W OR COND_W PAR_DER
    (35) CONDICION -> . CADENA PUNTO CADENA SIGNO VALOR
    (36) CONDICION -> . CADENA PUNTO CADENA SIGNO CADENA PUNTO CADENA
    (37) CONDICION -> . CADENA PUNTO CADENA NULLEABLE

    CADENA          shift and go to state 44
    PAR_IZQ         shift and go to state 45

    COND_W                         shift and go to state 128
    CONDICION                      shift and go to state 43

state 112

    (20) JOIN_INNER_LEFT -> LEFT JOIN CADENA CADENA ON COND_W .
    (28) COND_W -> COND_W . AND COND_W
    (29) COND_W -> COND_W . OR COND_W

    INNER           reduce using rule 20 (JOIN_INNER_LEFT -> LEFT JOIN CADENA CADENA ON COND_W .)
    LEFT            reduce using rule 20 (JOIN_INNER_LEFT -> LEFT JOIN CADENA CADENA ON COND_W .)
    WHERE           reduce using rule 20 (JOIN_INNER_LEFT -> LEFT JOIN CADENA CADENA ON COND_W .)
    GROUP           reduce using rule 20 (JOIN_INNER_LEFT -> LEFT JOIN CADENA CADENA ON COND_W .)
    ORDER           reduce using rule 20 (JOIN_INNER_LEFT -> LEFT JOIN CADENA CADENA ON COND_W .)
    $end            reduce using rule 20 (JOIN_INNER_LEFT -> LEFT JOIN CADENA CADENA ON COND_W .)
    PAR_DER         reduce using rule 20 (JOIN_INNER_LEFT -> LEFT JOIN CADENA CADENA ON COND_W .)
    AND             shift and go to state 58
    OR              shift and go to state 59


state 113

    (21) JOIN_INNER_LEFT -> LEFT JOIN CADENA AS CADENA ON . COND_W
    (26) COND_W -> . CONDICION
    (27) COND_W -> . CADENA PUNTO CADENA SUBCONSULTA
    (28) COND_W -> . COND_W AND COND_W
    (29) COND_W -> . COND_W OR COND_W
    (30) COND_W -> . PAR_IZQ COND_W OR COND_W PAR_DER
    (35) CONDICION -> . CADENA PUNTO CADENA SIGNO VALOR
    (36) CONDICION -> . CADENA PUNTO CADENA SIGNO CADENA PUNTO CADENA
    (37) CONDICION -> . CADENA PUNTO CADENA NULLEABLE

    CADENA          shift and go to state 44
    PAR_IZQ         shift and go to state 45

    COND_W                         shift and go to state 129
    CONDICION                      shift and go to state 43

state 114

    (6) CAMPO -> CADENA PUNTO CADENA AS COMILLA CADENA COMILLA .

    COMA            reduce using rule 6 (CAMPO -> CADENA PUNTO CADENA AS COMILLA CADENA COMILLA .)
    FROM            reduce using rule 6 (CAMPO -> CADENA PUNTO CADENA AS COMILLA CADENA COMILLA .)


state 115

    (12) FUNC_RESUMEN -> COUNT PAR_IZQ DISTINCT CADENA PUNTO CADENA PAR_DER .

    AS              reduce using rule 12 (FUNC_RESUMEN -> COUNT PAR_IZQ DISTINCT CADENA PUNTO CADENA PAR_DER .)
    IGUAL           reduce using rule 12 (FUNC_RESUMEN -> COUNT PAR_IZQ DISTINCT CADENA PUNTO CADENA PAR_DER .)
    MAYOR           reduce using rule 12 (FUNC_RESUMEN -> COUNT PAR_IZQ DISTINCT CADENA PUNTO CADENA PAR_DER .)
    MENOR           reduce using rule 12 (FUNC_RESUMEN -> COUNT PAR_IZQ DISTINCT CADENA PUNTO CADENA PAR_DER .)
    MAYOR_IGUAL     reduce using rule 12 (FUNC_RESUMEN -> COUNT PAR_IZQ DISTINCT CADENA PUNTO CADENA PAR_DER .)
    MENOR_IGUAL     reduce using rule 12 (FUNC_RESUMEN -> COUNT PAR_IZQ DISTINCT CADENA PUNTO CADENA PAR_DER .)
    DESIGUAL        reduce using rule 12 (FUNC_RESUMEN -> COUNT PAR_IZQ DISTINCT CADENA PUNTO CADENA PAR_DER .)


state 116

    (54) CAMPOS_O -> CADENA PUNTO . CADENA ORDEN COMA CAMPOS_O
    (55) CAMPOS_O -> CADENA PUNTO . CADENA ORDEN

    CADENA          shift and go to state 130


state 117

    (50) HAVING_ -> HAVING FUNC_RESUMEN . SIGNO VALOR
    (40) SIGNO -> . IGUAL
    (41) SIGNO -> . MAYOR
    (42) SIGNO -> . MENOR
    (43) SIGNO -> . MAYOR_IGUAL
    (44) SIGNO -> . MENOR_IGUAL
    (45) SIGNO -> . DESIGUAL

    IGUAL           shift and go to state 102
    MAYOR           shift and go to state 103
    MENOR           shift and go to state 104
    MAYOR_IGUAL     shift and go to state 105
    MENOR_IGUAL     shift and go to state 106
    DESIGUAL        shift and go to state 107

    SIGNO                          shift and go to state 131

state 118

    (48) CAMPOS_G -> CADENA PUNTO CADENA . COMA CAMPOS_G
    (49) CAMPOS_G -> CADENA PUNTO CADENA .

    COMA            shift and go to state 132
    HAVING          reduce using rule 49 (CAMPOS_G -> CADENA PUNTO CADENA .)
    ORDER           reduce using rule 49 (CAMPOS_G -> CADENA PUNTO CADENA .)
    $end            reduce using rule 49 (CAMPOS_G -> CADENA PUNTO CADENA .)
    PAR_DER         reduce using rule 49 (CAMPOS_G -> CADENA PUNTO CADENA .)


state 119

    (36) CONDICION -> CADENA PUNTO CADENA SIGNO CADENA . PUNTO CADENA

    PUNTO           shift and go to state 133


state 120

    (35) CONDICION -> CADENA PUNTO CADENA SIGNO VALOR .

    AND             reduce using rule 35 (CONDICION -> CADENA PUNTO CADENA SIGNO VALOR .)
    OR              reduce using rule 35 (CONDICION -> CADENA PUNTO CADENA SIGNO VALOR .)
    GROUP           reduce using rule 35 (CONDICION -> CADENA PUNTO CADENA SIGNO VALOR .)
    ORDER           reduce using rule 35 (CONDICION -> CADENA PUNTO CADENA SIGNO VALOR .)
    $end            reduce using rule 35 (CONDICION -> CADENA PUNTO CADENA SIGNO VALOR .)
    PAR_DER         reduce using rule 35 (CONDICION -> CADENA PUNTO CADENA SIGNO VALOR .)
    INNER           reduce using rule 35 (CONDICION -> CADENA PUNTO CADENA SIGNO VALOR .)
    LEFT            reduce using rule 35 (CONDICION -> CADENA PUNTO CADENA SIGNO VALOR .)
    WHERE           reduce using rule 35 (CONDICION -> CADENA PUNTO CADENA SIGNO VALOR .)


state 121

    (33) VALOR -> NUMERO .

    AND             reduce using rule 33 (VALOR -> NUMERO .)
    OR              reduce using rule 33 (VALOR -> NUMERO .)
    GROUP           reduce using rule 33 (VALOR -> NUMERO .)
    ORDER           reduce using rule 33 (VALOR -> NUMERO .)
    $end            reduce using rule 33 (VALOR -> NUMERO .)
    PAR_DER         reduce using rule 33 (VALOR -> NUMERO .)
    INNER           reduce using rule 33 (VALOR -> NUMERO .)
    LEFT            reduce using rule 33 (VALOR -> NUMERO .)
    WHERE           reduce using rule 33 (VALOR -> NUMERO .)


state 122

    (34) VALOR -> COMILLA . CADENA COMILLA

    CADENA          shift and go to state 134


state 123

    (31) SUBCONSULTA -> IN PAR_IZQ . S PAR_DER
    (1) S -> . SELECT_ FROM_ JOIN_ WHERE_ GROUP_BY ORDER_BY
    (2) SELECT_ -> . SELECT CAMPOS
    (3) SELECT_ -> . SELECT DISTINCT CAMPOS

    SELECT          shift and go to state 3

    S                              shift and go to state 135
    SELECT_                        shift and go to state 2

state 124

    (32) SUBCONSULTA -> NOT IN . PAR_IZQ S PAR_DER

    PAR_IZQ         shift and go to state 136


state 125

    (38) NULLEABLE -> IS NOT . NULL

    NULL            shift and go to state 137


state 126

    (39) NULLEABLE -> IS NULL .

    AND             reduce using rule 39 (NULLEABLE -> IS NULL .)
    OR              reduce using rule 39 (NULLEABLE -> IS NULL .)
    GROUP           reduce using rule 39 (NULLEABLE -> IS NULL .)
    ORDER           reduce using rule 39 (NULLEABLE -> IS NULL .)
    $end            reduce using rule 39 (NULLEABLE -> IS NULL .)
    PAR_DER         reduce using rule 39 (NULLEABLE -> IS NULL .)
    INNER           reduce using rule 39 (NULLEABLE -> IS NULL .)
    LEFT            reduce using rule 39 (NULLEABLE -> IS NULL .)
    WHERE           reduce using rule 39 (NULLEABLE -> IS NULL .)


state 127

    (30) COND_W -> PAR_IZQ COND_W OR COND_W PAR_DER .

    AND             reduce using rule 30 (COND_W -> PAR_IZQ COND_W OR COND_W PAR_DER .)
    OR              reduce using rule 30 (COND_W -> PAR_IZQ COND_W OR COND_W PAR_DER .)
    GROUP           reduce using rule 30 (COND_W -> PAR_IZQ COND_W OR COND_W PAR_DER .)
    ORDER           reduce using rule 30 (COND_W -> PAR_IZQ COND_W OR COND_W PAR_DER .)
    $end            reduce using rule 30 (COND_W -> PAR_IZQ COND_W OR COND_W PAR_DER .)
    PAR_DER         reduce using rule 30 (COND_W -> PAR_IZQ COND_W OR COND_W PAR_DER .)
    INNER           reduce using rule 30 (COND_W -> PAR_IZQ COND_W OR COND_W PAR_DER .)
    LEFT            reduce using rule 30 (COND_W -> PAR_IZQ COND_W OR COND_W PAR_DER .)
    WHERE           reduce using rule 30 (COND_W -> PAR_IZQ COND_W OR COND_W PAR_DER .)


state 128

    (19) JOIN_INNER_LEFT -> INNER JOIN CADENA AS CADENA ON COND_W .
    (28) COND_W -> COND_W . AND COND_W
    (29) COND_W -> COND_W . OR COND_W

    INNER           reduce using rule 19 (JOIN_INNER_LEFT -> INNER JOIN CADENA AS CADENA ON COND_W .)
    LEFT            reduce using rule 19 (JOIN_INNER_LEFT -> INNER JOIN CADENA AS CADENA ON COND_W .)
    WHERE           reduce using rule 19 (JOIN_INNER_LEFT -> INNER JOIN CADENA AS CADENA ON COND_W .)
    GROUP           reduce using rule 19 (JOIN_INNER_LEFT -> INNER JOIN CADENA AS CADENA ON COND_W .)
    ORDER           reduce using rule 19 (JOIN_INNER_LEFT -> INNER JOIN CADENA AS CADENA ON COND_W .)
    $end            reduce using rule 19 (JOIN_INNER_LEFT -> INNER JOIN CADENA AS CADENA ON COND_W .)
    PAR_DER         reduce using rule 19 (JOIN_INNER_LEFT -> INNER JOIN CADENA AS CADENA ON COND_W .)
    AND             shift and go to state 58
    OR              shift and go to state 59


state 129

    (21) JOIN_INNER_LEFT -> LEFT JOIN CADENA AS CADENA ON COND_W .
    (28) COND_W -> COND_W . AND COND_W
    (29) COND_W -> COND_W . OR COND_W

    INNER           reduce using rule 21 (JOIN_INNER_LEFT -> LEFT JOIN CADENA AS CADENA ON COND_W .)
    LEFT            reduce using rule 21 (JOIN_INNER_LEFT -> LEFT JOIN CADENA AS CADENA ON COND_W .)
    WHERE           reduce using rule 21 (JOIN_INNER_LEFT -> LEFT JOIN CADENA AS CADENA ON COND_W .)
    GROUP           reduce using rule 21 (JOIN_INNER_LEFT -> LEFT JOIN CADENA AS CADENA ON COND_W .)
    ORDER           reduce using rule 21 (JOIN_INNER_LEFT -> LEFT JOIN CADENA AS CADENA ON COND_W .)
    $end            reduce using rule 21 (JOIN_INNER_LEFT -> LEFT JOIN CADENA AS CADENA ON COND_W .)
    PAR_DER         reduce using rule 21 (JOIN_INNER_LEFT -> LEFT JOIN CADENA AS CADENA ON COND_W .)
    AND             shift and go to state 58
    OR              shift and go to state 59


state 130

    (54) CAMPOS_O -> CADENA PUNTO CADENA . ORDEN COMA CAMPOS_O
    (55) CAMPOS_O -> CADENA PUNTO CADENA . ORDEN
    (56) ORDEN -> . ASC
    (57) ORDEN -> . DESC
    (58) ORDEN -> .

    ASC             shift and go to state 139
    DESC            shift and go to state 140
    COMA            reduce using rule 58 (ORDEN -> .)
    $end            reduce using rule 58 (ORDEN -> .)
    PAR_DER         reduce using rule 58 (ORDEN -> .)

    ORDEN                          shift and go to state 138

state 131

    (50) HAVING_ -> HAVING FUNC_RESUMEN SIGNO . VALOR
    (33) VALOR -> . NUMERO
    (34) VALOR -> . COMILLA CADENA COMILLA

    NUMERO          shift and go to state 121
    COMILLA         shift and go to state 122

    VALOR                          shift and go to state 141

state 132

    (48) CAMPOS_G -> CADENA PUNTO CADENA COMA . CAMPOS_G
    (48) CAMPOS_G -> . CADENA PUNTO CADENA COMA CAMPOS_G
    (49) CAMPOS_G -> . CADENA PUNTO CADENA

    CADENA          shift and go to state 76

    CAMPOS_G                       shift and go to state 142

state 133

    (36) CONDICION -> CADENA PUNTO CADENA SIGNO CADENA PUNTO . CADENA

    CADENA          shift and go to state 143


state 134

    (34) VALOR -> COMILLA CADENA . COMILLA

    COMILLA         shift and go to state 144


state 135

    (31) SUBCONSULTA -> IN PAR_IZQ S . PAR_DER

    PAR_DER         shift and go to state 145


state 136

    (32) SUBCONSULTA -> NOT IN PAR_IZQ . S PAR_DER
    (1) S -> . SELECT_ FROM_ JOIN_ WHERE_ GROUP_BY ORDER_BY
    (2) SELECT_ -> . SELECT CAMPOS
    (3) SELECT_ -> . SELECT DISTINCT CAMPOS

    SELECT          shift and go to state 3

    S                              shift and go to state 146
    SELECT_                        shift and go to state 2

state 137

    (38) NULLEABLE -> IS NOT NULL .

    AND             reduce using rule 38 (NULLEABLE -> IS NOT NULL .)
    OR              reduce using rule 38 (NULLEABLE -> IS NOT NULL .)
    GROUP           reduce using rule 38 (NULLEABLE -> IS NOT NULL .)
    ORDER           reduce using rule 38 (NULLEABLE -> IS NOT NULL .)
    $end            reduce using rule 38 (NULLEABLE -> IS NOT NULL .)
    PAR_DER         reduce using rule 38 (NULLEABLE -> IS NOT NULL .)
    INNER           reduce using rule 38 (NULLEABLE -> IS NOT NULL .)
    LEFT            reduce using rule 38 (NULLEABLE -> IS NOT NULL .)
    WHERE           reduce using rule 38 (NULLEABLE -> IS NOT NULL .)


state 138

    (54) CAMPOS_O -> CADENA PUNTO CADENA ORDEN . COMA CAMPOS_O
    (55) CAMPOS_O -> CADENA PUNTO CADENA ORDEN .

    COMA            shift and go to state 147
    $end            reduce using rule 55 (CAMPOS_O -> CADENA PUNTO CADENA ORDEN .)
    PAR_DER         reduce using rule 55 (CAMPOS_O -> CADENA PUNTO CADENA ORDEN .)


state 139

    (56) ORDEN -> ASC .

    COMA            reduce using rule 56 (ORDEN -> ASC .)
    $end            reduce using rule 56 (ORDEN -> ASC .)
    PAR_DER         reduce using rule 56 (ORDEN -> ASC .)


state 140

    (57) ORDEN -> DESC .

    COMA            reduce using rule 57 (ORDEN -> DESC .)
    $end            reduce using rule 57 (ORDEN -> DESC .)
    PAR_DER         reduce using rule 57 (ORDEN -> DESC .)


state 141

    (50) HAVING_ -> HAVING FUNC_RESUMEN SIGNO VALOR .

    ORDER           reduce using rule 50 (HAVING_ -> HAVING FUNC_RESUMEN SIGNO VALOR .)
    $end            reduce using rule 50 (HAVING_ -> HAVING FUNC_RESUMEN SIGNO VALOR .)
    PAR_DER         reduce using rule 50 (HAVING_ -> HAVING FUNC_RESUMEN SIGNO VALOR .)


state 142

    (48) CAMPOS_G -> CADENA PUNTO CADENA COMA CAMPOS_G .

    HAVING          reduce using rule 48 (CAMPOS_G -> CADENA PUNTO CADENA COMA CAMPOS_G .)
    ORDER           reduce using rule 48 (CAMPOS_G -> CADENA PUNTO CADENA COMA CAMPOS_G .)
    $end            reduce using rule 48 (CAMPOS_G -> CADENA PUNTO CADENA COMA CAMPOS_G .)
    PAR_DER         reduce using rule 48 (CAMPOS_G -> CADENA PUNTO CADENA COMA CAMPOS_G .)


state 143

    (36) CONDICION -> CADENA PUNTO CADENA SIGNO CADENA PUNTO CADENA .

    AND             reduce using rule 36 (CONDICION -> CADENA PUNTO CADENA SIGNO CADENA PUNTO CADENA .)
    OR              reduce using rule 36 (CONDICION -> CADENA PUNTO CADENA SIGNO CADENA PUNTO CADENA .)
    GROUP           reduce using rule 36 (CONDICION -> CADENA PUNTO CADENA SIGNO CADENA PUNTO CADENA .)
    ORDER           reduce using rule 36 (CONDICION -> CADENA PUNTO CADENA SIGNO CADENA PUNTO CADENA .)
    $end            reduce using rule 36 (CONDICION -> CADENA PUNTO CADENA SIGNO CADENA PUNTO CADENA .)
    PAR_DER         reduce using rule 36 (CONDICION -> CADENA PUNTO CADENA SIGNO CADENA PUNTO CADENA .)
    INNER           reduce using rule 36 (CONDICION -> CADENA PUNTO CADENA SIGNO CADENA PUNTO CADENA .)
    LEFT            reduce using rule 36 (CONDICION -> CADENA PUNTO CADENA SIGNO CADENA PUNTO CADENA .)
    WHERE           reduce using rule 36 (CONDICION -> CADENA PUNTO CADENA SIGNO CADENA PUNTO CADENA .)


state 144

    (34) VALOR -> COMILLA CADENA COMILLA .

    AND             reduce using rule 34 (VALOR -> COMILLA CADENA COMILLA .)
    OR              reduce using rule 34 (VALOR -> COMILLA CADENA COMILLA .)
    GROUP           reduce using rule 34 (VALOR -> COMILLA CADENA COMILLA .)
    ORDER           reduce using rule 34 (VALOR -> COMILLA CADENA COMILLA .)
    $end            reduce using rule 34 (VALOR -> COMILLA CADENA COMILLA .)
    PAR_DER         reduce using rule 34 (VALOR -> COMILLA CADENA COMILLA .)
    INNER           reduce using rule 34 (VALOR -> COMILLA CADENA COMILLA .)
    LEFT            reduce using rule 34 (VALOR -> COMILLA CADENA COMILLA .)
    WHERE           reduce using rule 34 (VALOR -> COMILLA CADENA COMILLA .)


state 145

    (31) SUBCONSULTA -> IN PAR_IZQ S PAR_DER .

    AND             reduce using rule 31 (SUBCONSULTA -> IN PAR_IZQ S PAR_DER .)
    OR              reduce using rule 31 (SUBCONSULTA -> IN PAR_IZQ S PAR_DER .)
    GROUP           reduce using rule 31 (SUBCONSULTA -> IN PAR_IZQ S PAR_DER .)
    ORDER           reduce using rule 31 (SUBCONSULTA -> IN PAR_IZQ S PAR_DER .)
    $end            reduce using rule 31 (SUBCONSULTA -> IN PAR_IZQ S PAR_DER .)
    PAR_DER         reduce using rule 31 (SUBCONSULTA -> IN PAR_IZQ S PAR_DER .)
    INNER           reduce using rule 31 (SUBCONSULTA -> IN PAR_IZQ S PAR_DER .)
    LEFT            reduce using rule 31 (SUBCONSULTA -> IN PAR_IZQ S PAR_DER .)
    WHERE           reduce using rule 31 (SUBCONSULTA -> IN PAR_IZQ S PAR_DER .)


state 146

    (32) SUBCONSULTA -> NOT IN PAR_IZQ S . PAR_DER

    PAR_DER         shift and go to state 148


state 147

    (54) CAMPOS_O -> CADENA PUNTO CADENA ORDEN COMA . CAMPOS_O
    (54) CAMPOS_O -> . CADENA PUNTO CADENA ORDEN COMA CAMPOS_O
    (55) CAMPOS_O -> . CADENA PUNTO CADENA ORDEN

    CADENA          shift and go to state 93

    CAMPOS_O                       shift and go to state 149

state 148

    (32) SUBCONSULTA -> NOT IN PAR_IZQ S PAR_DER .

    AND             reduce using rule 32 (SUBCONSULTA -> NOT IN PAR_IZQ S PAR_DER .)
    OR              reduce using rule 32 (SUBCONSULTA -> NOT IN PAR_IZQ S PAR_DER .)
    GROUP           reduce using rule 32 (SUBCONSULTA -> NOT IN PAR_IZQ S PAR_DER .)
    ORDER           reduce using rule 32 (SUBCONSULTA -> NOT IN PAR_IZQ S PAR_DER .)
    $end            reduce using rule 32 (SUBCONSULTA -> NOT IN PAR_IZQ S PAR_DER .)
    PAR_DER         reduce using rule 32 (SUBCONSULTA -> NOT IN PAR_IZQ S PAR_DER .)
    INNER           reduce using rule 32 (SUBCONSULTA -> NOT IN PAR_IZQ S PAR_DER .)
    LEFT            reduce using rule 32 (SUBCONSULTA -> NOT IN PAR_IZQ S PAR_DER .)
    WHERE           reduce using rule 32 (SUBCONSULTA -> NOT IN PAR_IZQ S PAR_DER .)


state 149

    (54) CAMPOS_O -> CADENA PUNTO CADENA ORDEN COMA CAMPOS_O .

    $end            reduce using rule 54 (CAMPOS_O -> CADENA PUNTO CADENA ORDEN COMA CAMPOS_O .)
    PAR_DER         reduce using rule 54 (CAMPOS_O -> CADENA PUNTO CADENA ORDEN COMA CAMPOS_O .)

WARNING: 
WARNING: Conflicts:
WARNING: 
WARNING: shift/reduce conflict for AND in state 77 resolved as shift
WARNING: shift/reduce conflict for OR in state 77 resolved as shift
WARNING: shift/reduce conflict for AND in state 78 resolved as shift
WARNING: shift/reduce conflict for OR in state 78 resolved as shift
WARNING: shift/reduce conflict for AND in state 109 resolved as shift
WARNING: shift/reduce conflict for OR in state 109 resolved as shift
